<?xml version="1.0" encoding="UTF-8"?>
<testsuite xmlns:xsi="http://www.w3.org/2001/XMLSchema-instance" xsi:noNamespaceSchemaLocation="https://maven.apache.org/surefire/maven-surefire-plugin/xsd/surefire-test-report-3.0.xsd" version="3.0" name="TestSuite" time="160.474" tests="11" errors="0" skipped="0" failures="0">
  <properties>
    <property name="sun.desktop" value="windows"/>
    <property name="awt.toolkit" value="sun.awt.windows.WToolkit"/>
    <property name="file.encoding.pkg" value="sun.io"/>
    <property name="java.specification.version" value="1.8"/>
    <property name="webdriver.chrome.driver" value="D:\Selenium Setup\chrome88\chromedriver.exe"/>
    <property name="sun.cpu.isalist" value="amd64"/>
    <property name="sun.jnu.encoding" value="Cp1252"/>
    <property name="java.class.path" value="D:\Projects\Asyncentric\target\test-classes;D:\Projects\Asyncentric\target\classes;C:\Users\ARUN\.m2\repository\org\seleniumhq\selenium\selenium-java\3.141.59\selenium-java-3.141.59.jar;C:\Users\ARUN\.m2\repository\org\seleniumhq\selenium\selenium-api\3.141.59\selenium-api-3.141.59.jar;C:\Users\ARUN\.m2\repository\org\seleniumhq\selenium\selenium-chrome-driver\3.141.59\selenium-chrome-driver-3.141.59.jar;C:\Users\ARUN\.m2\repository\org\seleniumhq\selenium\selenium-edge-driver\3.141.59\selenium-edge-driver-3.141.59.jar;C:\Users\ARUN\.m2\repository\org\seleniumhq\selenium\selenium-firefox-driver\3.141.59\selenium-firefox-driver-3.141.59.jar;C:\Users\ARUN\.m2\repository\org\seleniumhq\selenium\selenium-ie-driver\3.141.59\selenium-ie-driver-3.141.59.jar;C:\Users\ARUN\.m2\repository\org\seleniumhq\selenium\selenium-opera-driver\3.141.59\selenium-opera-driver-3.141.59.jar;C:\Users\ARUN\.m2\repository\org\seleniumhq\selenium\selenium-remote-driver\3.141.59\selenium-remote-driver-3.141.59.jar;C:\Users\ARUN\.m2\repository\org\seleniumhq\selenium\selenium-safari-driver\3.141.59\selenium-safari-driver-3.141.59.jar;C:\Users\ARUN\.m2\repository\org\seleniumhq\selenium\selenium-support\3.141.59\selenium-support-3.141.59.jar;C:\Users\ARUN\.m2\repository\net\bytebuddy\byte-buddy\1.8.15\byte-buddy-1.8.15.jar;C:\Users\ARUN\.m2\repository\org\apache\commons\commons-exec\1.3\commons-exec-1.3.jar;C:\Users\ARUN\.m2\repository\com\google\guava\guava\25.0-jre\guava-25.0-jre.jar;C:\Users\ARUN\.m2\repository\com\google\code\findbugs\jsr305\1.3.9\jsr305-1.3.9.jar;C:\Users\ARUN\.m2\repository\org\checkerframework\checker-compat-qual\2.0.0\checker-compat-qual-2.0.0.jar;C:\Users\ARUN\.m2\repository\com\google\errorprone\error_prone_annotations\2.1.3\error_prone_annotations-2.1.3.jar;C:\Users\ARUN\.m2\repository\com\google\j2objc\j2objc-annotations\1.1\j2objc-annotations-1.1.jar;C:\Users\ARUN\.m2\repository\org\codehaus\mojo\animal-sniffer-annotations\1.14\animal-sniffer-annotations-1.14.jar;C:\Users\ARUN\.m2\repository\com\squareup\okhttp3\okhttp\3.11.0\okhttp-3.11.0.jar;C:\Users\ARUN\.m2\repository\com\squareup\okio\okio\1.14.0\okio-1.14.0.jar;C:\Users\ARUN\.m2\repository\org\testng\testng\6.8.7\testng-6.8.7.jar;C:\Users\ARUN\.m2\repository\junit\junit\4.10\junit-4.10.jar;C:\Users\ARUN\.m2\repository\org\beanshell\bsh\2.0b4\bsh-2.0b4.jar;C:\Users\ARUN\.m2\repository\com\beust\jcommander\1.27\jcommander-1.27.jar;C:\Users\ARUN\.m2\repository\org\yaml\snakeyaml\1.12\snakeyaml-1.12.jar;C:\Users\ARUN\.m2\repository\org\apache\poi\poi\4.1.2\poi-4.1.2.jar;C:\Users\ARUN\.m2\repository\commons-codec\commons-codec\1.13\commons-codec-1.13.jar;C:\Users\ARUN\.m2\repository\org\apache\commons\commons-collections4\4.4\commons-collections4-4.4.jar;C:\Users\ARUN\.m2\repository\org\apache\commons\commons-math3\3.6.1\commons-math3-3.6.1.jar;C:\Users\ARUN\.m2\repository\com\zaxxer\SparseBitSet\1.2\SparseBitSet-1.2.jar;C:\Users\ARUN\.m2\repository\org\apache\poi\poi-ooxml\4.1.2\poi-ooxml-4.1.2.jar;C:\Users\ARUN\.m2\repository\org\apache\commons\commons-compress\1.19\commons-compress-1.19.jar;C:\Users\ARUN\.m2\repository\com\github\virtuald\curvesapi\1.06\curvesapi-1.06.jar;C:\Users\ARUN\.m2\repository\org\apache\poi\poi-ooxml-schemas\4.1.2\poi-ooxml-schemas-4.1.2.jar;C:\Users\ARUN\.m2\repository\org\apache\xmlbeans\xmlbeans\3.1.0\xmlbeans-3.1.0.jar;C:\Users\ARUN\.m2\repository\org\apache\poi\poi-scratchpad\4.1.2\poi-scratchpad-4.1.2.jar;C:\Users\ARUN\.m2\repository\org\apache\poi\ooxml-schemas\1.4\ooxml-schemas-1.4.jar;C:\Users\ARUN\.m2\repository\org\apache\poi\openxml4j\1.0-beta\openxml4j-1.0-beta.jar;C:\Users\ARUN\.m2\repository\dom4j\dom4j\1.6.1\dom4j-1.6.1.jar;C:\Users\ARUN\.m2\repository\xml-apis\xml-apis\1.0.b2\xml-apis-1.0.b2.jar;C:\Users\ARUN\.m2\repository\log4j\log4j\1.2.8\log4j-1.2.8.jar;C:\Users\ARUN\.m2\repository\ru\yandex\qatools\ashot\ashot\1.5.4\ashot-1.5.4.jar;C:\Users\ARUN\.m2\repository\commons-io\commons-io\2.5\commons-io-2.5.jar;C:\Users\ARUN\.m2\repository\com\google\code\gson\gson\2.6.2\gson-2.6.2.jar;C:\Users\ARUN\.m2\repository\org\hamcrest\hamcrest-core\1.3\hamcrest-core-1.3.jar;C:\Users\ARUN\.m2\repository\com\aventstack\extentreports\5.0.6\extentreports-5.0.6.jar;C:\Users\ARUN\.m2\repository\io\reactivex\rxjava3\rxjava\3.0.4\rxjava-3.0.4.jar;C:\Users\ARUN\.m2\repository\org\reactivestreams\reactive-streams\1.0.3\reactive-streams-1.0.3.jar;C:\Users\ARUN\.m2\repository\org\freemarker\freemarker\2.3.30\freemarker-2.3.30.jar;C:\Users\ARUN\.m2\repository\org\projectlombok\lombok\1.18.12\lombok-1.18.12.jar;"/>
    <property name="java.vm.vendor" value="Oracle Corporation"/>
    <property name="sun.arch.data.model" value="64"/>
    <property name="user.variant" value=""/>
    <property name="java.vendor.url" value="http://java.oracle.com/"/>
    <property name="user.timezone" value="Asia/Calcutta"/>
    <property name="java.vm.specification.version" value="1.8"/>
    <property name="os.name" value="Windows 10"/>
    <property name="user.country" value="US"/>
    <property name="sun.java.launcher" value="SUN_STANDARD"/>
    <property name="sun.boot.library.path" value="C:\Program Files\Java\jdk1.8.0_152\jre\bin"/>
    <property name="sun.java.command" value="C:\Users\ARUN\AppData\Local\Temp\surefire3128985550102598344\surefirebooter7541252114466362121.jar C:\Users\ARUN\AppData\Local\Temp\surefire3128985550102598344 2021-02-11T18-34-40_652-jvmRun1 surefire3599329204912350853tmp surefire_02180855239421228857tmp"/>
    <property name="surefire.test.class.path" value="D:\Projects\Asyncentric\target\test-classes;D:\Projects\Asyncentric\target\classes;C:\Users\ARUN\.m2\repository\org\seleniumhq\selenium\selenium-java\3.141.59\selenium-java-3.141.59.jar;C:\Users\ARUN\.m2\repository\org\seleniumhq\selenium\selenium-api\3.141.59\selenium-api-3.141.59.jar;C:\Users\ARUN\.m2\repository\org\seleniumhq\selenium\selenium-chrome-driver\3.141.59\selenium-chrome-driver-3.141.59.jar;C:\Users\ARUN\.m2\repository\org\seleniumhq\selenium\selenium-edge-driver\3.141.59\selenium-edge-driver-3.141.59.jar;C:\Users\ARUN\.m2\repository\org\seleniumhq\selenium\selenium-firefox-driver\3.141.59\selenium-firefox-driver-3.141.59.jar;C:\Users\ARUN\.m2\repository\org\seleniumhq\selenium\selenium-ie-driver\3.141.59\selenium-ie-driver-3.141.59.jar;C:\Users\ARUN\.m2\repository\org\seleniumhq\selenium\selenium-opera-driver\3.141.59\selenium-opera-driver-3.141.59.jar;C:\Users\ARUN\.m2\repository\org\seleniumhq\selenium\selenium-remote-driver\3.141.59\selenium-remote-driver-3.141.59.jar;C:\Users\ARUN\.m2\repository\org\seleniumhq\selenium\selenium-safari-driver\3.141.59\selenium-safari-driver-3.141.59.jar;C:\Users\ARUN\.m2\repository\org\seleniumhq\selenium\selenium-support\3.141.59\selenium-support-3.141.59.jar;C:\Users\ARUN\.m2\repository\net\bytebuddy\byte-buddy\1.8.15\byte-buddy-1.8.15.jar;C:\Users\ARUN\.m2\repository\org\apache\commons\commons-exec\1.3\commons-exec-1.3.jar;C:\Users\ARUN\.m2\repository\com\google\guava\guava\25.0-jre\guava-25.0-jre.jar;C:\Users\ARUN\.m2\repository\com\google\code\findbugs\jsr305\1.3.9\jsr305-1.3.9.jar;C:\Users\ARUN\.m2\repository\org\checkerframework\checker-compat-qual\2.0.0\checker-compat-qual-2.0.0.jar;C:\Users\ARUN\.m2\repository\com\google\errorprone\error_prone_annotations\2.1.3\error_prone_annotations-2.1.3.jar;C:\Users\ARUN\.m2\repository\com\google\j2objc\j2objc-annotations\1.1\j2objc-annotations-1.1.jar;C:\Users\ARUN\.m2\repository\org\codehaus\mojo\animal-sniffer-annotations\1.14\animal-sniffer-annotations-1.14.jar;C:\Users\ARUN\.m2\repository\com\squareup\okhttp3\okhttp\3.11.0\okhttp-3.11.0.jar;C:\Users\ARUN\.m2\repository\com\squareup\okio\okio\1.14.0\okio-1.14.0.jar;C:\Users\ARUN\.m2\repository\org\testng\testng\6.8.7\testng-6.8.7.jar;C:\Users\ARUN\.m2\repository\junit\junit\4.10\junit-4.10.jar;C:\Users\ARUN\.m2\repository\org\beanshell\bsh\2.0b4\bsh-2.0b4.jar;C:\Users\ARUN\.m2\repository\com\beust\jcommander\1.27\jcommander-1.27.jar;C:\Users\ARUN\.m2\repository\org\yaml\snakeyaml\1.12\snakeyaml-1.12.jar;C:\Users\ARUN\.m2\repository\org\apache\poi\poi\4.1.2\poi-4.1.2.jar;C:\Users\ARUN\.m2\repository\commons-codec\commons-codec\1.13\commons-codec-1.13.jar;C:\Users\ARUN\.m2\repository\org\apache\commons\commons-collections4\4.4\commons-collections4-4.4.jar;C:\Users\ARUN\.m2\repository\org\apache\commons\commons-math3\3.6.1\commons-math3-3.6.1.jar;C:\Users\ARUN\.m2\repository\com\zaxxer\SparseBitSet\1.2\SparseBitSet-1.2.jar;C:\Users\ARUN\.m2\repository\org\apache\poi\poi-ooxml\4.1.2\poi-ooxml-4.1.2.jar;C:\Users\ARUN\.m2\repository\org\apache\commons\commons-compress\1.19\commons-compress-1.19.jar;C:\Users\ARUN\.m2\repository\com\github\virtuald\curvesapi\1.06\curvesapi-1.06.jar;C:\Users\ARUN\.m2\repository\org\apache\poi\poi-ooxml-schemas\4.1.2\poi-ooxml-schemas-4.1.2.jar;C:\Users\ARUN\.m2\repository\org\apache\xmlbeans\xmlbeans\3.1.0\xmlbeans-3.1.0.jar;C:\Users\ARUN\.m2\repository\org\apache\poi\poi-scratchpad\4.1.2\poi-scratchpad-4.1.2.jar;C:\Users\ARUN\.m2\repository\org\apache\poi\ooxml-schemas\1.4\ooxml-schemas-1.4.jar;C:\Users\ARUN\.m2\repository\org\apache\poi\openxml4j\1.0-beta\openxml4j-1.0-beta.jar;C:\Users\ARUN\.m2\repository\dom4j\dom4j\1.6.1\dom4j-1.6.1.jar;C:\Users\ARUN\.m2\repository\xml-apis\xml-apis\1.0.b2\xml-apis-1.0.b2.jar;C:\Users\ARUN\.m2\repository\log4j\log4j\1.2.8\log4j-1.2.8.jar;C:\Users\ARUN\.m2\repository\ru\yandex\qatools\ashot\ashot\1.5.4\ashot-1.5.4.jar;C:\Users\ARUN\.m2\repository\commons-io\commons-io\2.5\commons-io-2.5.jar;C:\Users\ARUN\.m2\repository\com\google\code\gson\gson\2.6.2\gson-2.6.2.jar;C:\Users\ARUN\.m2\repository\org\hamcrest\hamcrest-core\1.3\hamcrest-core-1.3.jar;C:\Users\ARUN\.m2\repository\com\aventstack\extentreports\5.0.6\extentreports-5.0.6.jar;C:\Users\ARUN\.m2\repository\io\reactivex\rxjava3\rxjava\3.0.4\rxjava-3.0.4.jar;C:\Users\ARUN\.m2\repository\org\reactivestreams\reactive-streams\1.0.3\reactive-streams-1.0.3.jar;C:\Users\ARUN\.m2\repository\org\freemarker\freemarker\2.3.30\freemarker-2.3.30.jar;C:\Users\ARUN\.m2\repository\org\projectlombok\lombok\1.18.12\lombok-1.18.12.jar;"/>
    <property name="sun.cpu.endian" value="little"/>
    <property name="user.home" value="C:\Users\ARUN"/>
    <property name="user.language" value="en"/>
    <property name="java.specification.vendor" value="Oracle Corporation"/>
    <property name="java.home" value="C:\Program Files\Java\jdk1.8.0_152\jre"/>
    <property name="basedir" value="D:\Projects\Asyncentric"/>
    <property name="file.separator" value="\"/>
    <property name="line.separator" value="&#10;"/>
    <property name="java.vm.specification.vendor" value="Oracle Corporation"/>
    <property name="java.specification.name" value="Java Platform API Specification"/>
    <property name="java.awt.graphicsenv" value="sun.awt.Win32GraphicsEnvironment"/>
    <property name="surefire.real.class.path" value="C:\Users\ARUN\AppData\Local\Temp\surefire3128985550102598344\surefirebooter7541252114466362121.jar"/>
    <property name="sun.boot.class.path" value="C:\Program Files\Java\jdk1.8.0_152\jre\lib\resources.jar;C:\Program Files\Java\jdk1.8.0_152\jre\lib\rt.jar;C:\Program Files\Java\jdk1.8.0_152\jre\lib\sunrsasign.jar;C:\Program Files\Java\jdk1.8.0_152\jre\lib\jsse.jar;C:\Program Files\Java\jdk1.8.0_152\jre\lib\jce.jar;C:\Program Files\Java\jdk1.8.0_152\jre\lib\charsets.jar;C:\Program Files\Java\jdk1.8.0_152\jre\lib\jfr.jar;C:\Program Files\Java\jdk1.8.0_152\jre\classes"/>
    <property name="user.script" value=""/>
    <property name="sun.management.compiler" value="HotSpot 64-Bit Tiered Compilers"/>
    <property name="java.runtime.version" value="1.8.0_152-b16"/>
    <property name="user.name" value="ARUN"/>
    <property name="path.separator" value=";"/>
    <property name="os.version" value="10.0"/>
    <property name="java.endorsed.dirs" value="C:\Program Files\Java\jdk1.8.0_152\jre\lib\endorsed"/>
    <property name="java.runtime.name" value="Java(TM) SE Runtime Environment"/>
    <property name="file.encoding" value="Cp1252"/>
    <property name="java.vm.name" value="Java HotSpot(TM) 64-Bit Server VM"/>
    <property name="localRepository" value="C:\Users\ARUN\.m2\repository"/>
    <property name="java.vendor.url.bug" value="http://bugreport.sun.com/bugreport/"/>
    <property name="java.io.tmpdir" value="C:\Users\ARUN\AppData\Local\Temp\"/>
    <property name="java.version" value="1.8.0_152"/>
    <property name="user.dir" value="D:\Projects\Asyncentric"/>
    <property name="os.arch" value="amd64"/>
    <property name="java.vm.specification.name" value="Java Virtual Machine Specification"/>
    <property name="java.awt.printerjob" value="sun.awt.windows.WPrinterJob"/>
    <property name="sun.os.patch.level" value=""/>
    <property name="java.library.path" value="C:\Program Files\Java\jdk1.8.0_152\jre\bin;C:\WINDOWS\Sun\Java\bin;C:\WINDOWS\system32;C:\WINDOWS;C:\ProgramData\Oracle\Java\javapath;C:\Program Files\Java\jdk1.8.0_152\bin;C:\WINDOWS\system32;C:\WINDOWS;C:\WINDOWS\System32\Wbem;C:\WINDOWS\System32\WindowsPowerShell\v1.0\;C:\WINDOWS\System32\OpenSSH\;C:\Program Files\nodejs\;C:\Program Files\TortoiseSVN\bin;C:\Gradle\gradle-6.5\bin;C:\Program Files\Git\cmd;C:\Users\apache-maven-3.6.3-bin\apache-maven-3.6.3\bin;C:\Users\ARUN\AppData\Local\Microsoft\WindowsApps;C:\Users\ARUN\AppData\Roaming\npm;C:\Users\ARUN\AppData\Local\Programs\Microsoft VS Code\bin;."/>
    <property name="java.vm.info" value="mixed mode"/>
    <property name="java.vendor" value="Oracle Corporation"/>
    <property name="java.vm.version" value="25.152-b16"/>
    <property name="java.ext.dirs" value="C:\Program Files\Java\jdk1.8.0_152\jre\lib\ext;C:\WINDOWS\Sun\Java\lib\ext"/>
    <property name="sun.io.unicode.encoding" value="UnicodeLittle"/>
    <property name="java.class.version" value="52.0"/>
  </properties>
  <testcase name="scrolldownTest" classname="com.asynctric.qa.Testcase.HomePageTest" time="11.027">
    <system-out><![CDATA[Driver ChromeDriver: chrome on WINDOWS (2b872beb215117d944ea64755d0781e7)
Driver org.openqa.selenium.support.events.EventFiringWebDriver@71e693fa
Before navigating to: 'https://ecomm-fed59.web.app/login'
Navigated to:'https://ecomm-fed59.web.app/login'
Trying to find Element By : By.id: email
Found Element By : By.id: email
Trying to find Element By : By.id: password
Found Element By : By.id: password
Trying to find Element By : By.xpath: //span[text()='Log In']
Found Element By : By.xpath: //span[text()='Log In']
Trying to click on: [[ChromeDriver: chrome on WINDOWS (2b872beb215117d944ea64755d0781e7)] -> xpath: //span[text()='Log In']]
Clicked on: [[ChromeDriver: chrome on WINDOWS (2b872beb215117d944ea64755d0781e7)] -> xpath: //span[text()='Log In']]
Trying to find Element By : By.xpath: //body/div[@id='root']/div[1]/footer[1]/div[2]/div[1]/div[4]/div[1]/a[1]/*[1]
Found Element By : By.xpath: //body/div[@id='root']/div[1]/footer[1]/div[2]/div[1]/div[4]/div[1]/a[1]/*[1]
Trying to click on: [[ChromeDriver: chrome on WINDOWS (2b872beb215117d944ea64755d0781e7)] -> xpath: //body/div[@id='root']/div[1]/footer[1]/div[2]/div[1]/div[4]/div[1]/a[1]/*[1]]
Clicked on: [[ChromeDriver: chrome on WINDOWS (2b872beb215117d944ea64755d0781e7)] -> xpath: //body/div[@id='root']/div[1]/footer[1]/div[2]/div[1]/div[4]/div[1]/a[1]/*[1]]
https://www.facebook.com/asyncentric/
]]></system-out>
    <system-err><![CDATA[Starting ChromeDriver 88.0.4324.96 (68dba2d8a0b149a1d3afac56fa74648032bcf46b-refs/branch-heads/4324@{#1784}) on port 10325
Only local connections are allowed.
Please see https://chromedriver.chromium.org/security-considerations for suggestions on keeping ChromeDriver safe.
ChromeDriver was started successfully.
Feb 11, 2021 6:34:47 PM org.openqa.selenium.remote.ProtocolHandshake createSession
INFO: Detected dialect: W3C
]]></system-err>
  </testcase>
  <testcase name="ValidatehomepageimageTest" classname="com.asynctric.qa.Testcase.HomePageTest" time="0.27">
    <system-out><![CDATA[Driver ChromeDriver: chrome on WINDOWS (75ef07aa36039f4d3d6b5712feabc0d6)
Driver org.openqa.selenium.support.events.EventFiringWebDriver@3212a8d7
Before navigating to: 'https://ecomm-fed59.web.app/login'
Navigated to:'https://ecomm-fed59.web.app/login'
Trying to find Element By : By.id: email
Found Element By : By.id: email
Trying to find Element By : By.id: password
Found Element By : By.id: password
Trying to find Element By : By.xpath: //span[text()='Log In']
Found Element By : By.xpath: //span[text()='Log In']
Trying to click on: [[ChromeDriver: chrome on WINDOWS (75ef07aa36039f4d3d6b5712feabc0d6)] -> xpath: //span[text()='Log In']]
Clicked on: [[ChromeDriver: chrome on WINDOWS (75ef07aa36039f4d3d6b5712feabc0d6)] -> xpath: //span[text()='Log In']]
Trying to find Element By : By.xpath: //img[contains(@class,jss28)]
Found Element By : By.xpath: //img[contains(@class,jss28)]
Home Page LoGO Available true
]]></system-out>
    <system-err><![CDATA[Starting ChromeDriver 88.0.4324.96 (68dba2d8a0b149a1d3afac56fa74648032bcf46b-refs/branch-heads/4324@{#1784}) on port 25341
Only local connections are allowed.
Please see https://chromedriver.chromium.org/security-considerations for suggestions on keeping ChromeDriver safe.
ChromeDriver was started successfully.
Feb 11, 2021 6:35:06 PM org.openqa.selenium.remote.ProtocolHandshake createSession
INFO: Detected dialect: W3C
]]></system-err>
  </testcase>
  <testcase name="MoveToAddressPageTest" classname="com.asynctric.qa.Testcase.HomePageTest" time="2.639">
    <system-out><![CDATA[Driver ChromeDriver: chrome on WINDOWS (c302d70954a510315358aae2ffa79dcb)
Driver org.openqa.selenium.support.events.EventFiringWebDriver@5a411614
Before navigating to: 'https://ecomm-fed59.web.app/login'
Navigated to:'https://ecomm-fed59.web.app/login'
Trying to find Element By : By.id: email
Found Element By : By.id: email
Trying to find Element By : By.id: password
Found Element By : By.id: password
Trying to find Element By : By.xpath: //span[text()='Log In']
Found Element By : By.xpath: //span[text()='Log In']
Trying to click on: [[ChromeDriver: chrome on WINDOWS (c302d70954a510315358aae2ffa79dcb)] -> xpath: //span[text()='Log In']]
Clicked on: [[ChromeDriver: chrome on WINDOWS (c302d70954a510315358aae2ffa79dcb)] -> xpath: //span[text()='Log In']]
Trying to find Element By : By.xpath: //p[contains(text(),'Profile')]
Found Element By : By.xpath: //p[contains(text(),'Profile')]
Trying to click on: [[ChromeDriver: chrome on WINDOWS (c302d70954a510315358aae2ffa79dcb)] -> xpath: //p[contains(text(),'Profile')]]
Clicked on: [[ChromeDriver: chrome on WINDOWS (c302d70954a510315358aae2ffa79dcb)] -> xpath: //p[contains(text(),'Profile')]]
Trying to find Element By : By.xpath: //span[contains(text(),'Account')]
Found Element By : By.xpath: //span[contains(text(),'Account')]
Trying to click on: [[ChromeDriver: chrome on WINDOWS (c302d70954a510315358aae2ffa79dcb)] -> xpath: //span[contains(text(),'Account')]]
Clicked on: [[ChromeDriver: chrome on WINDOWS (c302d70954a510315358aae2ffa79dcb)] -> xpath: //span[contains(text(),'Account')]]
Address Page Open
]]></system-out>
    <system-err><![CDATA[Starting ChromeDriver 88.0.4324.96 (68dba2d8a0b149a1d3afac56fa74648032bcf46b-refs/branch-heads/4324@{#1784}) on port 5594
Only local connections are allowed.
Please see https://chromedriver.chromium.org/security-considerations for suggestions on keeping ChromeDriver safe.
ChromeDriver was started successfully.
Feb 11, 2021 6:35:16 PM org.openqa.selenium.remote.ProtocolHandshake createSession
INFO: Detected dialect: W3C
]]></system-err>
  </testcase>
  <testcase name="LoginTest" classname="com.asynctric.qa.Testcase.LoginPageTest" time="0.824">
    <system-out><![CDATA[Driver ChromeDriver: chrome on WINDOWS (46a2b3f926413b1ce5cea65d209fec44)
Driver org.openqa.selenium.support.events.EventFiringWebDriver@4264b240
Before navigating to: 'https://ecomm-fed59.web.app/login'
Navigated to:'https://ecomm-fed59.web.app/login'
Trying to find Element By : By.id: email
Found Element By : By.id: email
Trying to find Element By : By.id: password
Found Element By : By.id: password
Trying to find Element By : By.xpath: //span[text()='Log In']
Found Element By : By.xpath: //span[text()='Log In']
Trying to click on: [[ChromeDriver: chrome on WINDOWS (46a2b3f926413b1ce5cea65d209fec44)] -> xpath: //span[text()='Log In']]
Clicked on: [[ChromeDriver: chrome on WINDOWS (46a2b3f926413b1ce5cea65d209fec44)] -> xpath: //span[text()='Log In']]
Home page URL is https://ecomm-fed59.web.app/login
]]></system-out>
    <system-err><![CDATA[Starting ChromeDriver 88.0.4324.96 (68dba2d8a0b149a1d3afac56fa74648032bcf46b-refs/branch-heads/4324@{#1784}) on port 8271
Only local connections are allowed.
Please see https://chromedriver.chromium.org/security-considerations for suggestions on keeping ChromeDriver safe.
ChromeDriver was started successfully.
Feb 11, 2021 6:35:26 PM org.openqa.selenium.remote.ProtocolHandshake createSession
INFO: Detected dialect: W3C
]]></system-err>
  </testcase>
  <testcase name="LoginPageTitleTest" classname="com.asynctric.qa.Testcase.LoginPageTest" time="0.003">
    <system-out><![CDATA[Driver ChromeDriver: chrome on WINDOWS (69cbd1bd29042885bbf9bf67df19cee0)
Driver org.openqa.selenium.support.events.EventFiringWebDriver@4204541c
Before navigating to: 'https://ecomm-fed59.web.app/login'
Navigated to:'https://ecomm-fed59.web.app/login'
Title is ECart
]]></system-out>
    <system-err><![CDATA[Starting ChromeDriver 88.0.4324.96 (68dba2d8a0b149a1d3afac56fa74648032bcf46b-refs/branch-heads/4324@{#1784}) on port 22283
Only local connections are allowed.
Please see https://chromedriver.chromium.org/security-considerations for suggestions on keeping ChromeDriver safe.
ChromeDriver was started successfully.
Feb 11, 2021 6:35:32 PM org.openqa.selenium.remote.ProtocolHandshake createSession
INFO: Detected dialect: W3C
]]></system-err>
  </testcase>
  <testcase name="VlidateImageTest" classname="com.asynctric.qa.Testcase.LoginPageTest" time="0.074">
    <system-out><![CDATA[Driver ChromeDriver: chrome on WINDOWS (9fef43efd51e68ea87bb574a534acda9)
Driver org.openqa.selenium.support.events.EventFiringWebDriver@476aac9
Before navigating to: 'https://ecomm-fed59.web.app/login'
Navigated to:'https://ecomm-fed59.web.app/login'
Trying to find Element By : By.xpath: //img[contains(@class,jss977)]
Found Element By : By.xpath: //img[contains(@class,jss977)]
Image Available true
]]></system-out>
    <system-err><![CDATA[Starting ChromeDriver 88.0.4324.96 (68dba2d8a0b149a1d3afac56fa74648032bcf46b-refs/branch-heads/4324@{#1784}) on port 7691
Only local connections are allowed.
Please see https://chromedriver.chromium.org/security-considerations for suggestions on keeping ChromeDriver safe.
ChromeDriver was started successfully.
Feb 11, 2021 6:35:40 PM org.openqa.selenium.remote.ProtocolHandshake createSession
INFO: Detected dialect: W3C
]]></system-err>
  </testcase>
  <testcase name="AddProductFirstTest" classname="com.asynctric.qa.Testcase.CategoriesMenTest" time="13.391">
    <system-out><![CDATA[Driver ChromeDriver: chrome on WINDOWS (e084164abe978a6038cbf32a850b7a71)
Driver org.openqa.selenium.support.events.EventFiringWebDriver@6dba847b
Before navigating to: 'https://ecomm-fed59.web.app/login'
Navigated to:'https://ecomm-fed59.web.app/login'
Trying to find Element By : By.id: email
Found Element By : By.id: email
Trying to find Element By : By.id: password
Found Element By : By.id: password
Trying to find Element By : By.xpath: //span[text()='Log In']
Found Element By : By.xpath: //span[text()='Log In']
Trying to click on: [[ChromeDriver: chrome on WINDOWS (e084164abe978a6038cbf32a850b7a71)] -> xpath: //span[text()='Log In']]
Clicked on: [[ChromeDriver: chrome on WINDOWS (e084164abe978a6038cbf32a850b7a71)] -> xpath: //span[text()='Log In']]
Trying to find Element By : By.xpath: //header/section[1]/p[2]
Found Element By : By.xpath: //header/section[1]/p[2]
Trying to click on: [[ChromeDriver: chrome on WINDOWS (e084164abe978a6038cbf32a850b7a71)] -> xpath: //header/section[1]/p[2]]
Clicked on: [[ChromeDriver: chrome on WINDOWS (e084164abe978a6038cbf32a850b7a71)] -> xpath: //header/section[1]/p[2]]
Trying to find Element By : By.xpath: //body/div[@id='root']/div[1]/div[3]/section[1]/div[1]/nav[1]/p[2]/span[1]
Found Element By : By.xpath: //body/div[@id='root']/div[1]/div[3]/section[1]/div[1]/nav[1]/p[2]/span[1]
Trying to click on: [[ChromeDriver: chrome on WINDOWS (e084164abe978a6038cbf32a850b7a71)] -> xpath: //body/div[@id='root']/div[1]/div[3]/section[1]/div[1]/nav[1]/p[2]/span[1]]
Clicked on: [[ChromeDriver: chrome on WINDOWS (e084164abe978a6038cbf32a850b7a71)] -> xpath: //body/div[@id='root']/div[1]/div[3]/section[1]/div[1]/nav[1]/p[2]/span[1]]
Trying to find Element By : By.xpath: //body/div[@id='root']/div[1]/div[3]/section[2]/a[1]/div[1]/img[1]
Found Element By : By.xpath: //body/div[@id='root']/div[1]/div[3]/section[2]/a[1]/div[1]/img[1]
Trying to click on: [[ChromeDriver: chrome on WINDOWS (e084164abe978a6038cbf32a850b7a71)] -> xpath: //body/div[@id='root']/div[1]/div[3]/section[2]/a[1]/div[1]/img[1]]
Clicked on: [[ChromeDriver: chrome on WINDOWS (e084164abe978a6038cbf32a850b7a71)] -> xpath: //body/div[@id='root']/div[1]/div[3]/section[2]/a[1]/div[1]/img[1]]
Trying to find Element By : By.xpath: //body/div[@id='root']/div[1]/div[2]/div[1]/div[2]/div[1]/div[1]/div[1]/button[1]/span[1]
Found Element By : By.xpath: //body/div[@id='root']/div[1]/div[2]/div[1]/div[2]/div[1]/div[1]/div[1]/button[1]/span[1]
Trying to click on: [[ChromeDriver: chrome on WINDOWS (e084164abe978a6038cbf32a850b7a71)] -> xpath: //body/div[@id='root']/div[1]/div[2]/div[1]/div[2]/div[1]/div[1]/div[1]/button[1]/span[1]]
Clicked on: [[ChromeDriver: chrome on WINDOWS (e084164abe978a6038cbf32a850b7a71)] -> xpath: //body/div[@id='root']/div[1]/div[2]/div[1]/div[2]/div[1]/div[1]/div[1]/button[1]/span[1]]
Trying to find Element By : By.xpath: //span[@id='snackbar-message-id']
Found Element By : By.xpath: //span[@id='snackbar-message-id']
Already in Cart! Updated Quantity
]]></system-out>
    <system-err><![CDATA[log4j:WARN No appenders could be found for logger (freemarker.cache).
log4j:WARN Please initialize the log4j system properly.
Starting ChromeDriver 88.0.4324.96 (68dba2d8a0b149a1d3afac56fa74648032bcf46b-refs/branch-heads/4324@{#1784}) on port 46066
Only local connections are allowed.
Please see https://chromedriver.chromium.org/security-considerations for suggestions on keeping ChromeDriver safe.
ChromeDriver was started successfully.
Feb 11, 2021 6:35:46 PM org.openqa.selenium.remote.ProtocolHandshake createSession
INFO: Detected dialect: W3C
]]></system-err>
  </testcase>
  <testcase name="AddProductSecondTest" classname="com.asynctric.qa.Testcase.CategoriesMenTest" time="14.909">
    <system-out><![CDATA[Driver ChromeDriver: chrome on WINDOWS (585a9ff4736501de0c405236eac952d1)
Driver org.openqa.selenium.support.events.EventFiringWebDriver@4c0884e8
Before navigating to: 'https://ecomm-fed59.web.app/login'
Navigated to:'https://ecomm-fed59.web.app/login'
Trying to find Element By : By.id: email
Found Element By : By.id: email
Trying to find Element By : By.id: password
Found Element By : By.id: password
Trying to find Element By : By.xpath: //span[text()='Log In']
Found Element By : By.xpath: //span[text()='Log In']
Trying to click on: [[ChromeDriver: chrome on WINDOWS (585a9ff4736501de0c405236eac952d1)] -> xpath: //span[text()='Log In']]
Clicked on: [[ChromeDriver: chrome on WINDOWS (585a9ff4736501de0c405236eac952d1)] -> xpath: //span[text()='Log In']]
Trying to find Element By : By.xpath: //header/section[1]/p[2]
Found Element By : By.xpath: //header/section[1]/p[2]
Trying to click on: [[ChromeDriver: chrome on WINDOWS (585a9ff4736501de0c405236eac952d1)] -> xpath: //header/section[1]/p[2]]
Clicked on: [[ChromeDriver: chrome on WINDOWS (585a9ff4736501de0c405236eac952d1)] -> xpath: //header/section[1]/p[2]]
Trying to find Element By : By.xpath: //body/div[@id='root']/div[1]/div[3]/section[1]/div[1]/nav[1]/p[2]/span[1]
Found Element By : By.xpath: //body/div[@id='root']/div[1]/div[3]/section[1]/div[1]/nav[1]/p[2]/span[1]
Trying to click on: [[ChromeDriver: chrome on WINDOWS (585a9ff4736501de0c405236eac952d1)] -> xpath: //body/div[@id='root']/div[1]/div[3]/section[1]/div[1]/nav[1]/p[2]/span[1]]
Clicked on: [[ChromeDriver: chrome on WINDOWS (585a9ff4736501de0c405236eac952d1)] -> xpath: //body/div[@id='root']/div[1]/div[3]/section[1]/div[1]/nav[1]/p[2]/span[1]]
Trying to find Element By : By.xpath: //body/div[@id='root']/div[1]/div[3]/section[2]/a[2]/div[1]/img[1]
Found Element By : By.xpath: //body/div[@id='root']/div[1]/div[3]/section[2]/a[2]/div[1]/img[1]
Trying to click on: [[ChromeDriver: chrome on WINDOWS (585a9ff4736501de0c405236eac952d1)] -> xpath: //body/div[@id='root']/div[1]/div[3]/section[2]/a[2]/div[1]/img[1]]
Clicked on: [[ChromeDriver: chrome on WINDOWS (585a9ff4736501de0c405236eac952d1)] -> xpath: //body/div[@id='root']/div[1]/div[3]/section[2]/a[2]/div[1]/img[1]]
Trying to find Element By : By.xpath: //body/div[@id='root']/div[1]/div[2]/div[1]/div[2]/div[1]/div[1]/div[1]/section[1]/div[4]
Found Element By : By.xpath: //body/div[@id='root']/div[1]/div[2]/div[1]/div[2]/div[1]/div[1]/div[1]/section[1]/div[4]
Trying to click on: [[ChromeDriver: chrome on WINDOWS (585a9ff4736501de0c405236eac952d1)] -> xpath: //body/div[@id='root']/div[1]/div[2]/div[1]/div[2]/div[1]/div[1]/div[1]/section[1]/div[4]]
Clicked on: [[ChromeDriver: chrome on WINDOWS (585a9ff4736501de0c405236eac952d1)] -> xpath: //body/div[@id='root']/div[1]/div[2]/div[1]/div[2]/div[1]/div[1]/div[1]/section[1]/div[4]]
Trying to find Element By : By.xpath: //body/div[@id='root']/div[1]/div[2]/div[1]/div[2]/div[1]/div[1]/div[2]/section[1]/div[3]
Found Element By : By.xpath: //body/div[@id='root']/div[1]/div[2]/div[1]/div[2]/div[1]/div[1]/div[2]/section[1]/div[3]
Trying to click on: [[ChromeDriver: chrome on WINDOWS (585a9ff4736501de0c405236eac952d1)] -> xpath: //body/div[@id='root']/div[1]/div[2]/div[1]/div[2]/div[1]/div[1]/div[2]/section[1]/div[3]]
Clicked on: [[ChromeDriver: chrome on WINDOWS (585a9ff4736501de0c405236eac952d1)] -> xpath: //body/div[@id='root']/div[1]/div[2]/div[1]/div[2]/div[1]/div[1]/div[2]/section[1]/div[3]]
Trying to find Element By : By.xpath: //button[@id='add_to_cart_btn']
Found Element By : By.xpath: //button[@id='add_to_cart_btn']
Trying to click on: [[ChromeDriver: chrome on WINDOWS (585a9ff4736501de0c405236eac952d1)] -> xpath: //button[@id='add_to_cart_btn']]
Clicked on: [[ChromeDriver: chrome on WINDOWS (585a9ff4736501de0c405236eac952d1)] -> xpath: //button[@id='add_to_cart_btn']]
Trying to find Element By : By.xpath: //span[@id='snackbar-message-id']
Found Element By : By.xpath: //span[@id='snackbar-message-id']

]]></system-out>
    <system-err><![CDATA[Starting ChromeDriver 88.0.4324.96 (68dba2d8a0b149a1d3afac56fa74648032bcf46b-refs/branch-heads/4324@{#1784}) on port 39069
Only local connections are allowed.
Please see https://chromedriver.chromium.org/security-considerations for suggestions on keeping ChromeDriver safe.
ChromeDriver was started successfully.
Feb 11, 2021 6:36:06 PM org.openqa.selenium.remote.ProtocolHandshake createSession
INFO: Detected dialect: W3C
]]></system-err>
  </testcase>
  <testcase name="ValidateRegPageURLTest" classname="com.asynctric.qa.Testcase.RegistrationPageTest" time="0.307">
    <system-out><![CDATA[Driver ChromeDriver: chrome on WINDOWS (8afff41b4fff76819da0595e7dbb66b7)
Driver org.openqa.selenium.support.events.EventFiringWebDriver@2679311f
Before navigating to: 'https://ecomm-fed59.web.app/login'
Navigated to:'https://ecomm-fed59.web.app/login'
Trying to find Element By : By.linkText: Create Account
Found Element By : By.linkText: Create Account
Trying to click on: [[ChromeDriver: chrome on WINDOWS (8afff41b4fff76819da0595e7dbb66b7)] -> link text: Create Account]
Clicked on: [[ChromeDriver: chrome on WINDOWS (8afff41b4fff76819da0595e7dbb66b7)] -> link text: Create Account]
Current URL is :https://ecomm-fed59.web.app/register
]]></system-out>
    <system-err><![CDATA[Starting ChromeDriver 88.0.4324.96 (68dba2d8a0b149a1d3afac56fa74648032bcf46b-refs/branch-heads/4324@{#1784}) on port 16940
Only local connections are allowed.
Please see https://chromedriver.chromium.org/security-considerations for suggestions on keeping ChromeDriver safe.
ChromeDriver was started successfully.
Feb 11, 2021 6:36:27 PM org.openqa.selenium.remote.ProtocolHandshake createSession
INFO: Detected dialect: W3C
]]></system-err>
  </testcase>
  <testcase name="ValidateRegPageTextTest" classname="com.asynctric.qa.Testcase.RegistrationPageTest" time="0.287">
    <system-out><![CDATA[Driver ChromeDriver: chrome on WINDOWS (24fa7b45015f6c81bfc84c6389abf035)
Driver org.openqa.selenium.support.events.EventFiringWebDriver@7ce7e83c
Before navigating to: 'https://ecomm-fed59.web.app/login'
Navigated to:'https://ecomm-fed59.web.app/login'
Trying to find Element By : By.linkText: Create Account
Found Element By : By.linkText: Create Account
Trying to click on: [[ChromeDriver: chrome on WINDOWS (24fa7b45015f6c81bfc84c6389abf035)] -> link text: Create Account]
Clicked on: [[ChromeDriver: chrome on WINDOWS (24fa7b45015f6c81bfc84c6389abf035)] -> link text: Create Account]
Trying to find Element By : By.xpath: //h1[contains(text(),'Signup with Asyncentric')]
Found Element By : By.xpath: //h1[contains(text(),'Signup with Asyncentric')]
Current Page text : Signup with Asyncentric
]]></system-out>
    <system-err><![CDATA[Starting ChromeDriver 88.0.4324.96 (68dba2d8a0b149a1d3afac56fa74648032bcf46b-refs/branch-heads/4324@{#1784}) on port 34182
Only local connections are allowed.
Please see https://chromedriver.chromium.org/security-considerations for suggestions on keeping ChromeDriver safe.
ChromeDriver was started successfully.
Feb 11, 2021 6:36:33 PM org.openqa.selenium.remote.ProtocolHandshake createSession
INFO: Detected dialect: W3C
]]></system-err>
  </testcase>
  <testcase name="RegFormExcelTest" classname="com.asynctric.qa.Testcase.RegistrationPageTest" time="38.628">
    <system-out><![CDATA[Driver ChromeDriver: chrome on WINDOWS (ef4caec5890c9fdd62b918c26941da40)
Driver org.openqa.selenium.support.events.EventFiringWebDriver@6be7bf6d
Before navigating to: 'https://ecomm-fed59.web.app/login'
Navigated to:'https://ecomm-fed59.web.app/login'
Row Count for registration sheet is :6
Trying to find Element By : By.linkText: Create Account
Found Element By : By.linkText: Create Account
Trying to click on: [[ChromeDriver: chrome on WINDOWS (ef4caec5890c9fdd62b918c26941da40)] -> link text: Create Account]
Clicked on: [[ChromeDriver: chrome on WINDOWS (ef4caec5890c9fdd62b918c26941da40)] -> link text: Create Account]
Trying to find Element By : By.id: name
Found Element By : By.id: name
Trying to find Element By : By.id: name
Found Element By : By.id: name
Trying to find Element By : By.id: email
Found Element By : By.id: email
Trying to find Element By : By.id: email
Found Element By : By.id: email
Trying to find Element By : By.id: mobile
Found Element By : By.id: mobile
Trying to find Element By : By.id: mobile
Found Element By : By.id: mobile
Trying to find Element By : By.id: password
Found Element By : By.id: password
Trying to find Element By : By.id: password
Found Element By : By.id: password
Trying to find Element By : By.xpath: //span[@class='MuiButton-label']
Found Element By : By.xpath: //span[@class='MuiButton-label']
Trying to click on: [[ChromeDriver: chrome on WINDOWS (ef4caec5890c9fdd62b918c26941da40)] -> xpath: //span[@class='MuiButton-label']]
Clicked on: [[ChromeDriver: chrome on WINDOWS (ef4caec5890c9fdd62b918c26941da40)] -> xpath: //span[@class='MuiButton-label']]
Trying to find Element By : By.xpath: //span[@id='snackbar-message-id']
Found Element By : By.xpath: //span[@id='snackbar-message-id']
Please enter your Name
Trying to find Element By : By.xpath: //span[@id='snackbar-message-id']
Found Element By : By.xpath: //span[@id='snackbar-message-id']
Trying to find Element By : By.id: name
Found Element By : By.id: name
Trying to find Element By : By.id: name
Found Element By : By.id: name
Trying to find Element By : By.id: email
Found Element By : By.id: email
Trying to find Element By : By.id: email
Found Element By : By.id: email
Trying to find Element By : By.id: mobile
Found Element By : By.id: mobile
Trying to find Element By : By.id: mobile
Found Element By : By.id: mobile
Trying to find Element By : By.id: password
Found Element By : By.id: password
Trying to find Element By : By.id: password
Found Element By : By.id: password
Trying to find Element By : By.xpath: //span[@class='MuiButton-label']
Found Element By : By.xpath: //span[@class='MuiButton-label']
Trying to click on: [[ChromeDriver: chrome on WINDOWS (ef4caec5890c9fdd62b918c26941da40)] -> xpath: //span[@class='MuiButton-label']]
Clicked on: [[ChromeDriver: chrome on WINDOWS (ef4caec5890c9fdd62b918c26941da40)] -> xpath: //span[@class='MuiButton-label']]
Trying to find Element By : By.xpath: //span[@id='snackbar-message-id']
Found Element By : By.xpath: //span[@id='snackbar-message-id']

Trying to find Element By : By.xpath: //span[@id='snackbar-message-id']
Found Element By : By.xpath: //span[@id='snackbar-message-id']
Trying to find Element By : By.id: name
Found Element By : By.id: name
Trying to find Element By : By.id: name
Found Element By : By.id: name
Trying to find Element By : By.id: email
Found Element By : By.id: email
Trying to find Element By : By.id: email
Found Element By : By.id: email
Trying to find Element By : By.id: mobile
Found Element By : By.id: mobile
Trying to find Element By : By.id: mobile
Found Element By : By.id: mobile
Trying to find Element By : By.id: password
Found Element By : By.id: password
Trying to find Element By : By.id: password
Found Element By : By.id: password
Trying to find Element By : By.xpath: //span[@class='MuiButton-label']
Found Element By : By.xpath: //span[@class='MuiButton-label']
Trying to click on: [[ChromeDriver: chrome on WINDOWS (ef4caec5890c9fdd62b918c26941da40)] -> xpath: //span[@class='MuiButton-label']]
Clicked on: [[ChromeDriver: chrome on WINDOWS (ef4caec5890c9fdd62b918c26941da40)] -> xpath: //span[@class='MuiButton-label']]
Trying to find Element By : By.xpath: //span[@id='snackbar-message-id']
Found Element By : By.xpath: //span[@id='snackbar-message-id']
Please enter valid Mobile number
Trying to find Element By : By.xpath: //span[@id='snackbar-message-id']
Found Element By : By.xpath: //span[@id='snackbar-message-id']
Trying to find Element By : By.id: name
Found Element By : By.id: name
Trying to find Element By : By.id: name
Found Element By : By.id: name
Trying to find Element By : By.id: email
Found Element By : By.id: email
Trying to find Element By : By.id: email
Found Element By : By.id: email
Trying to find Element By : By.id: mobile
Found Element By : By.id: mobile
Trying to find Element By : By.id: mobile
Found Element By : By.id: mobile
Trying to find Element By : By.id: password
Found Element By : By.id: password
Trying to find Element By : By.id: password
Found Element By : By.id: password
Trying to find Element By : By.xpath: //span[@class='MuiButton-label']
Found Element By : By.xpath: //span[@class='MuiButton-label']
Trying to click on: [[ChromeDriver: chrome on WINDOWS (ef4caec5890c9fdd62b918c26941da40)] -> xpath: //span[@class='MuiButton-label']]
Clicked on: [[ChromeDriver: chrome on WINDOWS (ef4caec5890c9fdd62b918c26941da40)] -> xpath: //span[@class='MuiButton-label']]
Trying to find Element By : By.xpath: //span[@id='snackbar-message-id']
Found Element By : By.xpath: //span[@id='snackbar-message-id']
Please enter Password
Trying to find Element By : By.xpath: //span[@id='snackbar-message-id']
Found Element By : By.xpath: //span[@id='snackbar-message-id']
Trying to find Element By : By.id: name
Found Element By : By.id: name
Trying to find Element By : By.id: name
Found Element By : By.id: name
Trying to find Element By : By.id: email
Found Element By : By.id: email
Trying to find Element By : By.id: email
Found Element By : By.id: email
Trying to find Element By : By.id: mobile
Found Element By : By.id: mobile
Trying to find Element By : By.id: mobile
Found Element By : By.id: mobile
Trying to find Element By : By.id: password
Found Element By : By.id: password
Trying to find Element By : By.id: password
Found Element By : By.id: password
Trying to find Element By : By.xpath: //span[@class='MuiButton-label']
Found Element By : By.xpath: //span[@class='MuiButton-label']
Trying to click on: [[ChromeDriver: chrome on WINDOWS (ef4caec5890c9fdd62b918c26941da40)] -> xpath: //span[@class='MuiButton-label']]
Clicked on: [[ChromeDriver: chrome on WINDOWS (ef4caec5890c9fdd62b918c26941da40)] -> xpath: //span[@class='MuiButton-label']]
Trying to find Element By : By.xpath: //span[@id='snackbar-message-id']
Found Element By : By.xpath: //span[@id='snackbar-message-id']
Email already exists!
Trying to find Element By : By.xpath: //span[@id='snackbar-message-id']
Found Element By : By.xpath: //span[@id='snackbar-message-id']
Trying to find Element By : By.linkText: Login!
Found Element By : By.linkText: Login!
Trying to click on: [[ChromeDriver: chrome on WINDOWS (ef4caec5890c9fdd62b918c26941da40)] -> link text: Login!]
Clicked on: [[ChromeDriver: chrome on WINDOWS (ef4caec5890c9fdd62b918c26941da40)] -> link text: Login!]
After Registration URL is :https://ecomm-fed59.web.app/login
]]></system-out>
    <system-err><![CDATA[Starting ChromeDriver 88.0.4324.96 (68dba2d8a0b149a1d3afac56fa74648032bcf46b-refs/branch-heads/4324@{#1784}) on port 47636
Only local connections are allowed.
Please see https://chromedriver.chromium.org/security-considerations for suggestions on keeping ChromeDriver safe.
ChromeDriver was started successfully.
Feb 11, 2021 6:36:39 PM org.openqa.selenium.remote.ProtocolHandshake createSession
INFO: Detected dialect: W3C
]]></system-err>
  </testcase>
</testsuite>