<?xml version="1.0" encoding="UTF-8"?>
<!-- Generated by org.testng.reporters.JUnitReportReporter -->
<testsuite skipped="0" hostname="DESKTOP-361V7H7" name="com.asynctric.qa.Testcase.CategoriesMenTest" tests="2" failures="0" timestamp="11 Feb 2021 13:03:06 GMT" time="40.959" errors="0">
  <testcase name="AddProductFirstTest" time="19.368" classname="com.asynctric.qa.Testcase.CategoriesMenTest"/>
  <testcase name="AddProductSecondTest" time="21.591" classname="com.asynctric.qa.Testcase.CategoriesMenTest"/>
</testsuite> <!-- com.asynctric.qa.Testcase.CategoriesMenTest -->
