<?xml version="1.0" encoding="UTF-8"?>
<!-- Generated by org.testng.reporters.JUnitReportReporter -->
<testsuite skipped="0" hostname="DESKTOP-361V7H7" name="com.asynctric.qa.Testcase.RegistrationPageTest" tests="3" failures="0" timestamp="03 Feb 2021 07:24:54 GMT" time="123.843" errors="0">
  <testcase name="ValidateRegPageURLTest" time="27.851" classname="com.asynctric.qa.Testcase.RegistrationPageTest"/>
  <testcase name="ValidateRegPageTextTest" time="29.390" classname="com.asynctric.qa.Testcase.RegistrationPageTest"/>
  <testcase name="RegFormExcelTest" time="66.602" classname="com.asynctric.qa.Testcase.RegistrationPageTest"/>
</testsuite> <!-- com.asynctric.qa.Testcase.RegistrationPageTest -->
