<?xml version="1.0" encoding="UTF-8"?>
<!-- Generated by org.testng.reporters.JUnitReportReporter -->
<testsuite skipped="0" hostname="DESKTOP-361V7H7" name="com.asynctric.qa.Testcase.LoginPageTest" tests="3" failures="0" timestamp="10 Mar 2021 13:06:34 GMT" time="45.104" errors="0">
  <testcase name="LoginTest" time="12.992" classname="com.asynctric.qa.Testcase.LoginPageTest"/>
  <testcase name="LoginPageTitleTest" time="14.462" classname="com.asynctric.qa.Testcase.LoginPageTest"/>
  <testcase name="VlidateImageTest" time="17.650" classname="com.asynctric.qa.Testcase.LoginPageTest"/>
</testsuite> <!-- com.asynctric.qa.Testcase.LoginPageTest -->
