<?xml version="1.0" encoding="UTF-8"?>
<!-- Generated by org.testng.reporters.JUnitReportReporter -->
<testsuite skipped="0" hostname="DESKTOP-361V7H7" name="com.asynctric.qa.Testcase.RegistrationPageTest" tests="7" failures="0" timestamp="30 Jan 2021 11:01:01 GMT" time="111.500" errors="0">
  <testcase name="ValidateRegPageURLTest" time="24.448" classname="com.asynctric.qa.Testcase.RegistrationPageTest"/>
  <testcase name="ValidateRegPageTextTest" time="16.613" classname="com.asynctric.qa.Testcase.RegistrationPageTest"/>
  <testcase name="RegFormNameTest" time="9.633" classname="com.asynctric.qa.Testcase.RegistrationPageTest"/>
  <testcase name="RegFormEmailTest" time="11.688" classname="com.asynctric.qa.Testcase.RegistrationPageTest"/>
  <testcase name="RegFormMobileTest" time="16.019" classname="com.asynctric.qa.Testcase.RegistrationPageTest"/>
  <testcase name="RegFormPasswordTest" time="11.458" classname="com.asynctric.qa.Testcase.RegistrationPageTest"/>
  <testcase name="RegFormTest" time="21.641" classname="com.asynctric.qa.Testcase.RegistrationPageTest"/>
</testsuite> <!-- com.asynctric.qa.Testcase.RegistrationPageTest -->
