<?xml version="1.0" encoding="UTF-8"?>
<!-- Generated by org.testng.reporters.JUnitReportReporter -->
<testsuite skipped="0" hostname="DESKTOP-361V7H7" name="com.asynctric.qa.Testcase.RegistrationPageTest" tests="7" failures="0" timestamp="01 Feb 2021 12:56:19 GMT" time="58.431" errors="0">
  <testcase name="ValidateRegPageURLTest" time="7.561" classname="com.asynctric.qa.Testcase.RegistrationPageTest"/>
  <testcase name="ValidateRegPageTextTest" time="6.346" classname="com.asynctric.qa.Testcase.RegistrationPageTest"/>
  <testcase name="RegFormNameTest" time="11.153" classname="com.asynctric.qa.Testcase.RegistrationPageTest"/>
  <testcase name="RegFormEmailTest" time="8.100" classname="com.asynctric.qa.Testcase.RegistrationPageTest"/>
  <testcase name="RegFormMobileTest" time="8.586" classname="com.asynctric.qa.Testcase.RegistrationPageTest"/>
  <testcase name="RegFormPasswordTest" time="7.147" classname="com.asynctric.qa.Testcase.RegistrationPageTest"/>
  <testcase name="RegFormTest" time="9.538" classname="com.asynctric.qa.Testcase.RegistrationPageTest"/>
</testsuite> <!-- com.asynctric.qa.Testcase.RegistrationPageTest -->
