<?xml version="1.0" encoding="UTF-8"?>
<!-- Generated by org.testng.reporters.JUnitReportReporter -->
<testsuite skipped="0" hostname="DESKTOP-361V7H7" name="com.asynctric.qa.Testcase.AddressPageTest" tests="1" failures="0" timestamp="29 Jan 2021 11:20:10 GMT" time="153.427" errors="0">
  <testcase name="NewAddressFormTest" time="153.427" classname="com.asynctric.qa.Testcase.AddressPageTest"/>
</testsuite> <!-- com.asynctric.qa.Testcase.AddressPageTest -->
