<?xml version="1.0" encoding="UTF-8"?>
<!-- Generated by org.testng.reporters.JUnitReportReporter -->
<testsuite skipped="0" hostname="DESKTOP-361V7H7" name="com.asynctric.qa.Testcase.HomePageTest" tests="3" failures="0" timestamp="06 Feb 2021 07:45:29 GMT" time="36.109" errors="0">
  <testcase name="scrolldownTest" time="16.075" classname="com.asynctric.qa.Testcase.HomePageTest"/>
  <testcase name="ValidatehomepageimageTest" time="8.297" classname="com.asynctric.qa.Testcase.HomePageTest"/>
  <testcase name="MoveToAddressPageTest" time="11.737" classname="com.asynctric.qa.Testcase.HomePageTest"/>
</testsuite> <!-- com.asynctric.qa.Testcase.HomePageTest -->
