<?xml version="1.0" encoding="UTF-8"?>
<!-- Generated by org.testng.reporters.JUnitReportReporter -->
<testsuite skipped="0" hostname="DESKTOP-361V7H7" name="com.asynctric.qa.Testcase.LoginPageTest" tests="3" failures="0" timestamp="25 Feb 2021 12:17:47 GMT" time="28.743" errors="0">
  <testcase name="LoginTest" time="9.798" classname="com.asynctric.qa.Testcase.LoginPageTest"/>
  <testcase name="LoginPageTitleTest" time="10.005" classname="com.asynctric.qa.Testcase.LoginPageTest"/>
  <testcase name="VlidateImageTest" time="8.940" classname="com.asynctric.qa.Testcase.LoginPageTest"/>
</testsuite> <!-- com.asynctric.qa.Testcase.LoginPageTest -->
