<?xml version="1.0" encoding="UTF-8"?>
<!-- Generated by org.testng.reporters.JUnitReportReporter -->
<testsuite skipped="0" hostname="DESKTOP-361V7H7" name="com.asynctric.qa.Testcase.CategoriesMenTest" tests="2" failures="0" timestamp="06 Feb 2021 07:11:50 GMT" time="42.827" errors="0">
  <testcase name="AddProductFirstTest" time="21.186" classname="com.asynctric.qa.Testcase.CategoriesMenTest"/>
  <testcase name="AddProductSecondTest" time="21.641" classname="com.asynctric.qa.Testcase.CategoriesMenTest"/>
</testsuite> <!-- com.asynctric.qa.Testcase.CategoriesMenTest -->
