<?xml version="1.0" encoding="UTF-8"?>
<!-- Generated by org.testng.reporters.JUnitReportReporter -->
<testsuite skipped="0" hostname="DESKTOP-361V7H7" name="com.asynctric.qa.Testcase.AddressPageTest" tests="1" failures="0" timestamp="25 Jan 2021 11:26:33 GMT" time="41.382" errors="0">
  <testcase name="NewAddressFormTest" time="41.382" classname="com.asynctric.qa.Testcase.AddressPageTest"/>
</testsuite> <!-- com.asynctric.qa.Testcase.AddressPageTest -->
