<?xml version="1.0" encoding="UTF-8"?>
<!-- Generated by org.testng.reporters.JUnitReportReporter -->
<testsuite skipped="0" hostname="DESKTOP-361V7H7" name="com.asynctric.qa.Testcase.CategoriesMenTest" tests="2" failures="0" timestamp="04 Feb 2021 09:00:53 GMT" time="104.887" errors="0">
  <testcase name="AddProductFirstTest" time="67.219" classname="com.asynctric.qa.Testcase.CategoriesMenTest"/>
  <testcase name="AddProductSecondTest" time="37.668" classname="com.asynctric.qa.Testcase.CategoriesMenTest"/>
</testsuite> <!-- com.asynctric.qa.Testcase.CategoriesMenTest -->
