<?xml version="1.0" encoding="UTF-8"?>
<!-- Generated by org.testng.reporters.JUnitReportReporter -->
<testsuite skipped="0" hostname="DESKTOP-361V7H7" name="com.asynctric.qa.Testcase.HomePageTest" tests="3" failures="0" timestamp="25 Feb 2021 10:36:01 GMT" time="44.407" errors="0">
  <testcase name="scrolldownTest" time="18.914" classname="com.asynctric.qa.Testcase.HomePageTest"/>
  <testcase name="ValidatehomepageimageTest" time="12.849" classname="com.asynctric.qa.Testcase.HomePageTest"/>
  <testcase name="MoveToAddressPageTest" time="12.644" classname="com.asynctric.qa.Testcase.HomePageTest"/>
</testsuite> <!-- com.asynctric.qa.Testcase.HomePageTest -->
