<?xml version="1.0" encoding="UTF-8"?>
<!-- Generated by org.testng.reporters.JUnitReportReporter -->
<testsuite skipped="0" hostname="DESKTOP-361V7H7" name="com.asynctric.qa.Testcase.HomePageTest" tests="2" failures="0" timestamp="29 Dec 2020 07:16:17 GMT" time="35.188" errors="0">
  <testcase name="ValidatehomepageimageTest" time="14.968" classname="com.asynctric.qa.Testcase.HomePageTest"/>
  <testcase name="MoveToAddressPageTest" time="20.220" classname="com.asynctric.qa.Testcase.HomePageTest"/>
</testsuite> <!-- com.asynctric.qa.Testcase.HomePageTest -->
