<?xml version="1.0" encoding="UTF-8"?>
<!-- Generated by org.testng.reporters.JUnitReportReporter -->
<testsuite skipped="0" hostname="DESKTOP-361V7H7" name="com.asynctric.qa.Testcase.LoginPageTest" tests="3" failures="0" timestamp="25 Jan 2021 11:11:15 GMT" time="66.542" errors="0">
  <testcase name="LoginPageTitleTest" time="14.010" classname="com.asynctric.qa.Testcase.LoginPageTest"/>
  <testcase name="VlidateImageTest" time="12.669" classname="com.asynctric.qa.Testcase.LoginPageTest"/>
  <testcase name="LoginTest" time="39.863" classname="com.asynctric.qa.Testcase.LoginPageTest"/>
</testsuite> <!-- com.asynctric.qa.Testcase.LoginPageTest -->
