<?xml version="1.0" encoding="UTF-8"?>
<!-- Generated by org.testng.reporters.JUnitReportReporter -->
<testsuite skipped="0" hostname="DESKTOP-361V7H7" name="com.asynctric.qa.Testcase.AddressPageTest" tests="1" failures="0" timestamp="06 Feb 2021 05:45:33 GMT" time="131.245" errors="0">
  <testcase name="NewAddressFormTest" time="131.245" classname="com.asynctric.qa.Testcase.AddressPageTest"/>
</testsuite> <!-- com.asynctric.qa.Testcase.AddressPageTest -->
