<?xml version="1.0" encoding="UTF-8"?>
<!-- Generated by org.testng.reporters.JUnitReportReporter -->
<testsuite skipped="0" hostname="DESKTOP-361V7H7" name="com.asynctric.qa.Testcase.HomePageTest" tests="3" failures="0" timestamp="03 Feb 2021 10:41:33 GMT" time="44.936" errors="0">
  <testcase name="ValidatehomepageimageTest" time="11.446" classname="com.asynctric.qa.Testcase.HomePageTest"/>
  <testcase name="MoveToAddressPageTest" time="16.223" classname="com.asynctric.qa.Testcase.HomePageTest"/>
  <testcase name="scrolldownTest" time="17.267" classname="com.asynctric.qa.Testcase.HomePageTest"/>
</testsuite> <!-- com.asynctric.qa.Testcase.HomePageTest -->
