<?xml version="1.0" encoding="UTF-8"?>
<!-- Generated by org.testng.reporters.JUnitReportReporter -->
<testsuite skipped="0" hostname="DESKTOP-361V7H7" name="com.asynctric.qa.Testcase.RegistrationPageTest" tests="3" failures="0" timestamp="08 Feb 2021 12:17:49 GMT" time="100.947" errors="0">
  <testcase name="ValidateRegPageURLTest" time="15.310" classname="com.asynctric.qa.Testcase.RegistrationPageTest"/>
  <testcase name="ValidateRegPageTextTest" time="23.329" classname="com.asynctric.qa.Testcase.RegistrationPageTest"/>
  <testcase name="RegFormExcelTest" time="62.308" classname="com.asynctric.qa.Testcase.RegistrationPageTest"/>
</testsuite> <!-- com.asynctric.qa.Testcase.RegistrationPageTest -->
