<?xml version="1.0" encoding="UTF-8"?>
<!-- Generated by org.testng.reporters.JUnitReportReporter -->
<testsuite skipped="0" hostname="DESKTOP-361V7H7" name="com.asynctric.qa.Testcase.RegistrationPageTest" tests="3" failures="0" timestamp="12 Feb 2021 06:20:25 GMT" time="65.610" errors="0">
  <testcase name="ValidateRegPageURLTest" time="8.781" classname="com.asynctric.qa.Testcase.RegistrationPageTest"/>
  <testcase name="ValidateRegPageTextTest" time="6.280" classname="com.asynctric.qa.Testcase.RegistrationPageTest"/>
  <testcase name="RegFormExcelTest" time="50.549" classname="com.asynctric.qa.Testcase.RegistrationPageTest"/>
</testsuite> <!-- com.asynctric.qa.Testcase.RegistrationPageTest -->
