<?xml version="1.0" encoding="UTF-8"?>
<!-- Generated by org.testng.reporters.JUnitReportReporter -->
<testsuite skipped="0" hostname="DESKTOP-361V7H7" name="com.asynctric.qa.Testcase.LoginPageTest" tests="3" failures="0" timestamp="12 Feb 2021 06:30:54 GMT" time="18.341" errors="0">
  <testcase name="LoginTest" time="6.443" classname="com.asynctric.qa.Testcase.LoginPageTest"/>
  <testcase name="LoginPageTitleTest" time="5.774" classname="com.asynctric.qa.Testcase.LoginPageTest"/>
  <testcase name="VlidateImageTest" time="6.124" classname="com.asynctric.qa.Testcase.LoginPageTest"/>
</testsuite> <!-- com.asynctric.qa.Testcase.LoginPageTest -->
