<?xml version="1.0" encoding="UTF-8"?>
<!-- Generated by org.testng.reporters.JUnitReportReporter -->
<testsuite hostname="DESKTOP-361V7H7" name="com.asynctric.qa.Testcase.HomePageTest" tests="3" failures="0" timestamp="6 Feb 2021 06:32:58 GMT" time="42.411" errors="0">
  <testcase name="MoveToAddressPageTest" time="11.734" classname="com.asynctric.qa.Testcase.HomePageTest"/>
  <testcase name="scrolldownTest" time="20.887" classname="com.asynctric.qa.Testcase.HomePageTest"/>
  <testcase name="ValidatehomepageimageTest" time="9.790" classname="com.asynctric.qa.Testcase.HomePageTest"/>
</testsuite> <!-- com.asynctric.qa.Testcase.HomePageTest -->
