<?xml version="1.0" encoding="UTF-8"?>
<!-- Generated by org.testng.reporters.JUnitReportReporter -->
<testsuite hostname="DESKTOP-361V7H7" name="com.asynctric.qa.Testcase.HomePageTest" tests="3" failures="0" timestamp="11 Feb 2021 09:08:35 GMT" time="34.671" errors="0">
  <testcase name="ValidatehomepageimageTest" time="5.980" classname="com.asynctric.qa.Testcase.HomePageTest"/>
  <testcase name="scrolldownTest" time="17.351" classname="com.asynctric.qa.Testcase.HomePageTest"/>
  <testcase name="MoveToAddressPageTest" time="11.340" classname="com.asynctric.qa.Testcase.HomePageTest"/>
</testsuite> <!-- com.asynctric.qa.Testcase.HomePageTest -->
