<?xml version="1.0" encoding="UTF-8"?>
<!-- Generated by org.testng.reporters.JUnitReportReporter -->
<testsuite hostname="DESKTOP-361V7H7" name="com.asynctric.qa.Testcase.LoginPageTest" tests="3" failures="0" timestamp="11 Feb 2021 13:07:23 GMT" time="20.752" errors="0">
  <testcase name="VlidateImageTest" time="6.571" classname="com.asynctric.qa.Testcase.LoginPageTest"/>
  <testcase name="LoginTest" time="8.606" classname="com.asynctric.qa.Testcase.LoginPageTest"/>
  <testcase name="LoginPageTitleTest" time="5.575" classname="com.asynctric.qa.Testcase.LoginPageTest"/>
</testsuite> <!-- com.asynctric.qa.Testcase.LoginPageTest -->
