<?xml version="1.0" encoding="UTF-8"?>
<!-- Generated by org.testng.reporters.JUnitReportReporter -->
<testsuite hostname="DESKTOP-361V7H7" name="com.asynctric.qa.Testcase.CategoriesMenTest" tests="2" failures="0" timestamp="11 Feb 2021 13:07:23 GMT" time="40.889" errors="0">
  <testcase name="AddProductSecondTest" time="21.321" classname="com.asynctric.qa.Testcase.CategoriesMenTest"/>
  <testcase name="AddProductFirstTest" time="19.568" classname="com.asynctric.qa.Testcase.CategoriesMenTest"/>
</testsuite> <!-- com.asynctric.qa.Testcase.CategoriesMenTest -->
