<?xml version="1.0" encoding="UTF-8"?>
<!-- Generated by org.testng.reporters.JUnitReportReporter -->
<testsuite hostname="DESKTOP-361V7H7" name="com.asynctric.qa.Testcase.CategoriesMenTest" tests="2" failures="0" timestamp="6 Feb 2021 06:32:58 GMT" time="44.994" errors="0">
  <testcase name="AddProductSecondTest" time="22.893" classname="com.asynctric.qa.Testcase.CategoriesMenTest"/>
  <testcase name="AddProductFirstTest" time="22.101" classname="com.asynctric.qa.Testcase.CategoriesMenTest"/>
</testsuite> <!-- com.asynctric.qa.Testcase.CategoriesMenTest -->
