<?xml version="1.0" encoding="UTF-8"?>
<!-- Generated by org.testng.reporters.JUnitReportReporter -->
<testsuite hostname="DESKTOP-361V7H7" name="com.asynctric.qa.Testcase.LoginPageTest" tests="3" failures="0" timestamp="6 Feb 2021 06:32:58 GMT" time="29.182" errors="0">
  <testcase name="VlidateImageTest" time="8.067" classname="com.asynctric.qa.Testcase.LoginPageTest"/>
  <testcase name="LoginTest" time="13.750" classname="com.asynctric.qa.Testcase.LoginPageTest"/>
  <testcase name="LoginPageTitleTest" time="7.365" classname="com.asynctric.qa.Testcase.LoginPageTest"/>
</testsuite> <!-- com.asynctric.qa.Testcase.LoginPageTest -->
