<?xml version="1.0" encoding="UTF-8"?>
<!-- Generated by org.testng.reporters.JUnitReportReporter -->
<testsuite hostname="DESKTOP-361V7H7" name="com.asynctric.qa.Testcase.CategoriesMenTest" tests="2" failures="0" timestamp="11 Feb 2021 09:08:35 GMT" time="41.803" errors="0">
  <testcase name="AddProductSecondTest" time="22.447" classname="com.asynctric.qa.Testcase.CategoriesMenTest"/>
  <testcase name="AddProductFirstTest" time="19.356" classname="com.asynctric.qa.Testcase.CategoriesMenTest"/>
</testsuite> <!-- com.asynctric.qa.Testcase.CategoriesMenTest -->
