<?xml version="1.0" encoding="UTF-8"?>
<!-- Generated by org.testng.reporters.JUnitReportReporter -->
<testsuite hostname="DESKTOP-361V7H7" name="com.asynctric.qa.Testcase.LoginPageTest" tests="3" failures="0" timestamp="8 Feb 2021 12:32:46 GMT" time="68.966" errors="0">
  <testcase name="VlidateImageTest" time="33.635" classname="com.asynctric.qa.Testcase.LoginPageTest"/>
  <testcase name="LoginPageTitleTest" time="14.633" classname="com.asynctric.qa.Testcase.LoginPageTest"/>
  <testcase name="LoginTest" time="20.698" classname="com.asynctric.qa.Testcase.LoginPageTest"/>
</testsuite> <!-- com.asynctric.qa.Testcase.LoginPageTest -->
