<?xml version="1.0" encoding="UTF-8"?>
<!-- Generated by org.testng.reporters.JUnitReportReporter -->
<testsuite hostname="DESKTOP-361V7H7" name="com.asynctric.qa.Testcase.HomePageTest" tests="3" failures="0" timestamp="11 Feb 2021 13:07:23 GMT" time="39.775" errors="0">
  <testcase name="ValidatehomepageimageTest" time="9.938" classname="com.asynctric.qa.Testcase.HomePageTest"/>
  <testcase name="scrolldownTest" time="18.271" classname="com.asynctric.qa.Testcase.HomePageTest"/>
  <testcase name="MoveToAddressPageTest" time="11.566" classname="com.asynctric.qa.Testcase.HomePageTest"/>
</testsuite> <!-- com.asynctric.qa.Testcase.HomePageTest -->
