<?xml version="1.0" encoding="UTF-8"?>
<!-- Generated by org.testng.reporters.JUnitReportReporter -->
<testsuite hostname="DESKTOP-361V7H7" name="com.asynctric.qa.Testcase.CategoriesMenTest" tests="2" failures="0" timestamp="8 Feb 2021 12:32:46 GMT" time="61.675" errors="0">
  <testcase name="AddProductSecondTest" time="31.750" classname="com.asynctric.qa.Testcase.CategoriesMenTest"/>
  <testcase name="AddProductFirstTest" time="29.925" classname="com.asynctric.qa.Testcase.CategoriesMenTest"/>
</testsuite> <!-- com.asynctric.qa.Testcase.CategoriesMenTest -->
