<?xml version="1.0" encoding="UTF-8"?>
<!-- Generated by org.testng.reporters.JUnitReportReporter -->
<testsuite hostname="DESKTOP-361V7H7" name="com.asynctric.qa.Testcase.AddressPageTest" tests="1" failures="0" timestamp="6 Feb 2021 06:32:58 GMT" time="87.553" errors="0">
  <testcase name="NewAddressFormTest" time="87.553" classname="com.asynctric.qa.Testcase.AddressPageTest"/>
</testsuite> <!-- com.asynctric.qa.Testcase.AddressPageTest -->
